#
# There is insufficient memory for the Java Runtime Environment to continue.
# Native memory allocation (malloc) failed to allocate 1617616 bytes. Error detail: Chunk::new
# Possible reasons:
#   The system is out of physical RAM or swap space
#   This process is running with CompressedOops enabled, and the Java Heap may be blocking the growth of the native heap
# Possible solutions:
#   Reduce memory load on the system
#   Increase physical memory or swap space
#   Check if swap backing store is full
#   Decrease Java heap size (-Xmx/-Xms)
#   Decrease number of Java threads
#   Decrease Java thread stack sizes (-Xss)
#   Set larger code cache with -XX:ReservedCodeCacheSize=
#   JVM is running with Unscaled Compressed Oops mode in which the Java heap is
#     placed in the first 4GB address space. The Java Heap base address is the
#     maximum limit for the native heap growth. Please use -XX:HeapBaseMinAddress
#     to set the Java Heap base and to place the Java Heap above 4GB virtual address.
# This output file may be truncated or incomplete.
#
#  Out of Memory Error (arena.cpp:168), pid=12024, tid=18732
#
# JRE version: OpenJDK Runtime Environment (21.0.5) (build 21.0.5+-13047016-b750.29)
# Java VM: OpenJDK 64-Bit Server VM (21.0.5+-13047016-b750.29, mixed mode, tiered, compressed oops, compressed class ptrs, g1 gc, windows-amd64)
# No core dump will be written. Minidumps are not enabled by default on client versions of Windows
#

---------------  S U M M A R Y ------------

Command Line: org.jetbrains.kotlin.cli.jvm.K2JVMCompiler @D:\AI-Based-Language-Translator\app\build\20250505_670960074529414442.compiler.options

Host: 11th Gen Intel(R) Core(TM) i3-1115G4 @ 3.00GHz, 4 cores, 7G,  Windows 11 , 64 bit Build 22621 (10.0.22621.5124)
Time: Mon May  5 16:10:52 2025 SE Asia Standard Time elapsed time: 61.506320 seconds (0d 0h 1m 1s)

---------------  T H R E A D  ---------------

Current thread (0x000001e38028fb00):  JavaThread "C2 CompilerThread0" daemon [_thread_in_native, id=18732, stack(0x0000008764500000,0x0000008764600000) (1024K)]


Current CompileTask:
C2:61506 19149   !   4       org.jetbrains.kotlin.codegen.optimization.common.FastMethodAnalyzer::analyze (793 bytes)

Stack: [0x0000008764500000,0x0000008764600000]
Native frames: (J=compiled Java code, j=interpreted, Vv=VM code, C=native code)
V  [jvm.dll+0x6cfb29]
V  [jvm.dll+0x85df93]
V  [jvm.dll+0x8604ee]
V  [jvm.dll+0x860bd3]
V  [jvm.dll+0x27e6b6]
V  [jvm.dll+0xbff6d]
V  [jvm.dll+0xc04a3]
V  [jvm.dll+0x3b5fc1]
V  [jvm.dll+0x381f97]
V  [jvm.dll+0x38140a]
V  [jvm.dll+0x247c62]
V  [jvm.dll+0x247231]
V  [jvm.dll+0x1c5ee4]
V  [jvm.dll+0x25697c]
V  [jvm.dll+0x254ec6]
V  [jvm.dll+0x3f0ce6]
V  [jvm.dll+0x806368]
V  [jvm.dll+0x6ce3fd]
C  [ucrtbase.dll+0x29333]
C  [KERNEL32.DLL+0x1259d]
C  [ntdll.dll+0x5af38]


---------------  P R O C E S S  ---------------

Threads class SMR info:
_java_thread_list=0x000001e3864d09c0, length=11, elements={
0x000001e3e700ed60, 0x000001e380277860, 0x000001e380278570, 0x000001e38028d280,
0x000001e38028d8e0, 0x000001e38028e330, 0x000001e38028ed80, 0x000001e38028fb00,
0x000001e3802f7af0, 0x000001e3803f5200, 0x000001e3803f5e30
}

Java Threads: ( => current thread )
  0x000001e3e700ed60 JavaThread "main"                              [_thread_in_native, id=10156, stack(0x0000008763600000,0x0000008763700000) (1024K)]
  0x000001e380277860 JavaThread "Reference Handler"          daemon [_thread_blocked, id=17288, stack(0x0000008763f00000,0x0000008764000000) (1024K)]
  0x000001e380278570 JavaThread "Finalizer"                  daemon [_thread_blocked, id=6996, stack(0x0000008764000000,0x0000008764100000) (1024K)]
  0x000001e38028d280 JavaThread "Signal Dispatcher"          daemon [_thread_blocked, id=6584, stack(0x0000008764100000,0x0000008764200000) (1024K)]
  0x000001e38028d8e0 JavaThread "Attach Listener"            daemon [_thread_blocked, id=13908, stack(0x0000008764200000,0x0000008764300000) (1024K)]
  0x000001e38028e330 JavaThread "Service Thread"             daemon [_thread_blocked, id=16644, stack(0x0000008764300000,0x0000008764400000) (1024K)]
  0x000001e38028ed80 JavaThread "Monitor Deflation Thread"   daemon [_thread_blocked, id=15876, stack(0x0000008764400000,0x0000008764500000) (1024K)]
=>0x000001e38028fb00 JavaThread "C2 CompilerThread0"         daemon [_thread_in_native, id=18732, stack(0x0000008764500000,0x0000008764600000) (1024K)]
  0x000001e3802f7af0 JavaThread "C1 CompilerThread0"         daemon [_thread_blocked, id=18164, stack(0x0000008764600000,0x0000008764700000) (1024K)]
  0x000001e3803f5200 JavaThread "Notification Thread"        daemon [_thread_blocked, id=760, stack(0x0000008764700000,0x0000008764800000) (1024K)]
  0x000001e3803f5e30 JavaThread "Common-Cleaner"             daemon [_thread_blocked, id=632, stack(0x0000008764800000,0x0000008764900000) (1024K)]
Total: 11

Other Threads:
  0x000001e3ffe916f0 VMThread "VM Thread"                           [id=7220, stack(0x0000008763e00000,0x0000008763f00000) (1024K)]
  0x000001e3ffe73010 WatcherThread "VM Periodic Task Thread"        [id=14608, stack(0x0000008763d00000,0x0000008763e00000) (1024K)]
  0x000001e3e921bd00 WorkerThread "GC Thread#0"                     [id=4232, stack(0x0000008763800000,0x0000008763900000) (1024K)]
  0x000001e38098bfa0 WorkerThread "GC Thread#1"                     [id=3768, stack(0x0000008764900000,0x0000008764a00000) (1024K)]
  0x000001e3809ebab0 WorkerThread "GC Thread#2"                     [id=9548, stack(0x0000008764a00000,0x0000008764b00000) (1024K)]
  0x000001e3809ebe50 WorkerThread "GC Thread#3"                     [id=12040, stack(0x0000008764b00000,0x0000008764c00000) (1024K)]
  0x000001e3e922c4e0 ConcurrentGCThread "G1 Main Marker"            [id=4088, stack(0x0000008763900000,0x0000008763a00000) (1024K)]
  0x000001e3e922d150 WorkerThread "G1 Conc#0"                       [id=11380, stack(0x0000008763a00000,0x0000008763b00000) (1024K)]
  0x000001e3e928e760 ConcurrentGCThread "G1 Refine#0"               [id=14256, stack(0x0000008763b00000,0x0000008763c00000) (1024K)]
  0x000001e3ffd465a0 ConcurrentGCThread "G1 Service"                [id=2544, stack(0x0000008763c00000,0x0000008763d00000) (1024K)]
Total: 10

Threads with active compile tasks:
C2 CompilerThread0  61544 19149   !   4       org.jetbrains.kotlin.codegen.optimization.common.FastMethodAnalyzer::analyze (793 bytes)
Total: 1

VM state: not at safepoint (normal execution)

VM Mutex/Monitor currently owned by a thread: None

Heap address: 0x0000000084400000, size: 1980 MB, Compressed Oops mode: 32-bit

CDS archive(s) not mapped
Compressed class space mapped at: 0x0000000100000000-0x0000000140000000, reserved size: 1073741824
Narrow klass base: 0x0000000000000000, Narrow klass shift: 3, Narrow klass range: 0x140000000

GC Precious Log:
 CardTable entry size: 512
 Card Set container configuration: InlinePtr #cards 5 size 8 Array Of Cards #cards 12 size 40 Howl #buckets 4 coarsen threshold 1843 Howl Bitmap #cards 512 size 80 coarsen threshold 460 Card regions per heap region 1 cards per card region 2048
 CPUs: 4 total, 4 available
 Memory: 7914M
 Large Page Support: Disabled
 NUMA Support: Disabled
 Compressed Oops: Enabled (32-bit)
 Heap Region Size: 1M
 Heap Min Capacity: 8M
 Heap Initial Capacity: 124M
 Heap Max Capacity: 1980M
 Pre-touch: Disabled
 Parallel Workers: 4
 Concurrent Workers: 1
 Concurrent Refinement Workers: 4
 Periodic GC: Disabled

Heap:
 garbage-first heap   total 188416K, used 131884K [0x0000000084400000, 0x0000000100000000)
  region size 1024K, 26 young (26624K), 6 survivors (6144K)
 Metaspace       used 90714K, committed 91584K, reserved 1179648K
  class space    used 9328K, committed 9792K, reserved 1048576K

Heap Regions: E=young(eden), S=young(survivor), O=old, HS=humongous(starts), HC=humongous(continues), CS=collection set, F=free, TAMS=top-at-mark-start, PB=parsable bottom
|   0|0x0000000084400000, 0x0000000084500000, 0x0000000084500000|100%|HS|  |TAMS 0x0000000084400000| PB 0x0000000084400000| Complete 
|   1|0x0000000084500000, 0x0000000084600000, 0x0000000084600000|100%|HC|  |TAMS 0x0000000084500000| PB 0x0000000084500000| Complete 
|   2|0x0000000084600000, 0x0000000084700000, 0x0000000084700000|100%|HC|  |TAMS 0x0000000084600000| PB 0x0000000084600000| Complete 
|   3|0x0000000084700000, 0x0000000084800000, 0x0000000084800000|100%|HC|  |TAMS 0x0000000084700000| PB 0x0000000084700000| Complete 
|   4|0x0000000084800000, 0x0000000084900000, 0x0000000084900000|100%| O|  |TAMS 0x0000000084800000| PB 0x0000000084800000| Untracked 
|   5|0x0000000084900000, 0x0000000084a00000, 0x0000000084a00000|100%| O|  |TAMS 0x0000000084900000| PB 0x0000000084900000| Untracked 
|   6|0x0000000084a00000, 0x0000000084b00000, 0x0000000084b00000|100%| O|  |TAMS 0x0000000084a00000| PB 0x0000000084a00000| Untracked 
|   7|0x0000000084b00000, 0x0000000084c00000, 0x0000000084c00000|100%| O|  |TAMS 0x0000000084b00000| PB 0x0000000084b00000| Untracked 
|   8|0x0000000084c00000, 0x0000000084d00000, 0x0000000084d00000|100%| O|  |TAMS 0x0000000084c00000| PB 0x0000000084c00000| Untracked 
|   9|0x0000000084d00000, 0x0000000084e00000, 0x0000000084e00000|100%| O|  |TAMS 0x0000000084d00000| PB 0x0000000084d00000| Untracked 
|  10|0x0000000084e00000, 0x0000000084f00000, 0x0000000084f00000|100%| O|  |TAMS 0x0000000084e00000| PB 0x0000000084e00000| Untracked 
|  11|0x0000000084f00000, 0x0000000085000000, 0x0000000085000000|100%| O|  |TAMS 0x0000000084f00000| PB 0x0000000084f00000| Untracked 
|  12|0x0000000085000000, 0x0000000085100000, 0x0000000085100000|100%| O|  |TAMS 0x0000000085000000| PB 0x0000000085000000| Untracked 
|  13|0x0000000085100000, 0x0000000085200000, 0x0000000085200000|100%| O|  |TAMS 0x0000000085100000| PB 0x0000000085100000| Untracked 
|  14|0x0000000085200000, 0x0000000085300000, 0x0000000085300000|100%| O|  |TAMS 0x0000000085200000| PB 0x0000000085200000| Untracked 
|  15|0x0000000085300000, 0x0000000085400000, 0x0000000085400000|100%| O|  |TAMS 0x0000000085300000| PB 0x0000000085300000| Untracked 
|  16|0x0000000085400000, 0x0000000085500000, 0x0000000085500000|100%| O|  |TAMS 0x0000000085400000| PB 0x0000000085400000| Untracked 
|  17|0x0000000085500000, 0x0000000085600000, 0x0000000085600000|100%| O|  |TAMS 0x0000000085500000| PB 0x0000000085500000| Untracked 
|  18|0x0000000085600000, 0x0000000085700000, 0x0000000085700000|100%| O|  |TAMS 0x0000000085600000| PB 0x0000000085600000| Untracked 
|  19|0x0000000085700000, 0x0000000085800000, 0x0000000085800000|100%| O|  |TAMS 0x0000000085700000| PB 0x0000000085700000| Untracked 
|  20|0x0000000085800000, 0x0000000085900000, 0x0000000085900000|100%| O|  |TAMS 0x0000000085800000| PB 0x0000000085800000| Untracked 
|  21|0x0000000085900000, 0x0000000085a00000, 0x0000000085a00000|100%| O|  |TAMS 0x0000000085900000| PB 0x0000000085900000| Untracked 
|  22|0x0000000085a00000, 0x0000000085b00000, 0x0000000085b00000|100%| O|  |TAMS 0x0000000085a00000| PB 0x0000000085a00000| Untracked 
|  23|0x0000000085b00000, 0x0000000085c00000, 0x0000000085c00000|100%| O|  |TAMS 0x0000000085b00000| PB 0x0000000085b00000| Untracked 
|  24|0x0000000085c00000, 0x0000000085d00000, 0x0000000085d00000|100%| O|  |TAMS 0x0000000085c00000| PB 0x0000000085c00000| Untracked 
|  25|0x0000000085d00000, 0x0000000085e00000, 0x0000000085e00000|100%| O|  |TAMS 0x0000000085d00000| PB 0x0000000085d00000| Untracked 
|  26|0x0000000085e00000, 0x0000000085f00000, 0x0000000085f00000|100%|HS|  |TAMS 0x0000000085e00000| PB 0x0000000085e00000| Complete 
|  27|0x0000000085f00000, 0x0000000086000000, 0x0000000086000000|100%|HC|  |TAMS 0x0000000085f00000| PB 0x0000000085f00000| Complete 
|  28|0x0000000086000000, 0x0000000086100000, 0x0000000086100000|100%| O|  |TAMS 0x0000000086000000| PB 0x0000000086000000| Untracked 
|  29|0x0000000086100000, 0x0000000086200000, 0x0000000086200000|100%| O|  |TAMS 0x0000000086100000| PB 0x0000000086100000| Untracked 
|  30|0x0000000086200000, 0x0000000086300000, 0x0000000086300000|100%| O|  |TAMS 0x0000000086200000| PB 0x0000000086200000| Untracked 
|  31|0x0000000086300000, 0x0000000086400000, 0x0000000086400000|100%| O|  |TAMS 0x0000000086300000| PB 0x0000000086300000| Untracked 
|  32|0x0000000086400000, 0x0000000086500000, 0x0000000086500000|100%| O|  |TAMS 0x0000000086400000| PB 0x0000000086400000| Untracked 
|  33|0x0000000086500000, 0x0000000086600000, 0x0000000086600000|100%| O|  |TAMS 0x0000000086500000| PB 0x0000000086500000| Untracked 
|  34|0x0000000086600000, 0x0000000086700000, 0x0000000086700000|100%| O|  |TAMS 0x0000000086600000| PB 0x0000000086600000| Untracked 
|  35|0x0000000086700000, 0x0000000086800000, 0x0000000086800000|100%| O|  |TAMS 0x0000000086700000| PB 0x0000000086700000| Untracked 
|  36|0x0000000086800000, 0x0000000086900000, 0x0000000086900000|100%| O|  |TAMS 0x0000000086800000| PB 0x0000000086800000| Untracked 
|  37|0x0000000086900000, 0x0000000086a00000, 0x0000000086a00000|100%| O|  |TAMS 0x0000000086900000| PB 0x0000000086900000| Untracked 
|  38|0x0000000086a00000, 0x0000000086b00000, 0x0000000086b00000|100%| O|  |TAMS 0x0000000086a00000| PB 0x0000000086a00000| Untracked 
|  39|0x0000000086b00000, 0x0000000086c00000, 0x0000000086c00000|100%| O|  |TAMS 0x0000000086b00000| PB 0x0000000086b00000| Untracked 
|  40|0x0000000086c00000, 0x0000000086d00000, 0x0000000086d00000|100%| O|  |TAMS 0x0000000086c00000| PB 0x0000000086c00000| Untracked 
|  41|0x0000000086d00000, 0x0000000086e00000, 0x0000000086e00000|100%| O|  |TAMS 0x0000000086d00000| PB 0x0000000086d00000| Untracked 
|  42|0x0000000086e00000, 0x0000000086f00000, 0x0000000086f00000|100%| O|  |TAMS 0x0000000086e00000| PB 0x0000000086e00000| Untracked 
|  43|0x0000000086f00000, 0x0000000087000000, 0x0000000087000000|100%| O|  |TAMS 0x0000000086f00000| PB 0x0000000086f00000| Untracked 
|  44|0x0000000087000000, 0x0000000087100000, 0x0000000087100000|100%| O|  |TAMS 0x0000000087000000| PB 0x0000000087000000| Untracked 
|  45|0x0000000087100000, 0x0000000087200000, 0x0000000087200000|100%| O|  |TAMS 0x0000000087100000| PB 0x0000000087100000| Untracked 
|  46|0x0000000087200000, 0x0000000087300000, 0x0000000087300000|100%| O|  |TAMS 0x0000000087200000| PB 0x0000000087200000| Untracked 
|  47|0x0000000087300000, 0x0000000087400000, 0x0000000087400000|100%| O|  |TAMS 0x0000000087300000| PB 0x0000000087300000| Untracked 
|  48|0x0000000087400000, 0x0000000087500000, 0x0000000087500000|100%| O|  |TAMS 0x0000000087400000| PB 0x0000000087400000| Untracked 
|  49|0x0000000087500000, 0x0000000087600000, 0x0000000087600000|100%| O|  |TAMS 0x0000000087500000| PB 0x0000000087500000| Untracked 
|  50|0x0000000087600000, 0x0000000087700000, 0x0000000087700000|100%| O|  |TAMS 0x0000000087600000| PB 0x0000000087600000| Untracked 
|  51|0x0000000087700000, 0x0000000087800000, 0x0000000087800000|100%| O|  |TAMS 0x0000000087700000| PB 0x0000000087700000| Untracked 
|  52|0x0000000087800000, 0x0000000087900000, 0x0000000087900000|100%| O|  |TAMS 0x0000000087800000| PB 0x0000000087800000| Untracked 
|  53|0x0000000087900000, 0x0000000087a00000, 0x0000000087a00000|100%| O|  |TAMS 0x0000000087900000| PB 0x0000000087900000| Untracked 
|  54|0x0000000087a00000, 0x0000000087b00000, 0x0000000087b00000|100%| O|  |TAMS 0x0000000087a00000| PB 0x0000000087a00000| Untracked 
|  55|0x0000000087b00000, 0x0000000087c00000, 0x0000000087c00000|100%| O|  |TAMS 0x0000000087b00000| PB 0x0000000087b00000| Untracked 
|  56|0x0000000087c00000, 0x0000000087d00000, 0x0000000087d00000|100%| O|  |TAMS 0x0000000087c00000| PB 0x0000000087c00000| Untracked 
|  57|0x0000000087d00000, 0x0000000087e00000, 0x0000000087e00000|100%| O|  |TAMS 0x0000000087d00000| PB 0x0000000087d00000| Untracked 
|  58|0x0000000087e00000, 0x0000000087f00000, 0x0000000087f00000|100%| O|  |TAMS 0x0000000087e00000| PB 0x0000000087e00000| Untracked 
|  59|0x0000000087f00000, 0x0000000088000000, 0x0000000088000000|100%| O|  |TAMS 0x0000000087f00000| PB 0x0000000087f00000| Untracked 
|  60|0x0000000088000000, 0x0000000088100000, 0x0000000088100000|100%| O|  |TAMS 0x0000000088000000| PB 0x0000000088000000| Untracked 
|  61|0x0000000088100000, 0x0000000088200000, 0x0000000088200000|100%| O|  |TAMS 0x0000000088100000| PB 0x0000000088100000| Untracked 
|  62|0x0000000088200000, 0x0000000088300000, 0x0000000088300000|100%| O|  |TAMS 0x0000000088200000| PB 0x0000000088200000| Untracked 
|  63|0x0000000088300000, 0x0000000088400000, 0x0000000088400000|100%| O|  |TAMS 0x0000000088300000| PB 0x0000000088300000| Untracked 
|  64|0x0000000088400000, 0x0000000088500000, 0x0000000088500000|100%| O|  |TAMS 0x0000000088400000| PB 0x0000000088400000| Untracked 
|  65|0x0000000088500000, 0x0000000088600000, 0x0000000088600000|100%| O|  |TAMS 0x0000000088500000| PB 0x0000000088500000| Untracked 
|  66|0x0000000088600000, 0x0000000088700000, 0x0000000088700000|100%| O|  |TAMS 0x0000000088600000| PB 0x0000000088600000| Untracked 
|  67|0x0000000088700000, 0x0000000088800000, 0x0000000088800000|100%| O|  |TAMS 0x0000000088700000| PB 0x0000000088700000| Untracked 
|  68|0x0000000088800000, 0x0000000088900000, 0x0000000088900000|100%| O|  |TAMS 0x0000000088800000| PB 0x0000000088800000| Untracked 
|  69|0x0000000088900000, 0x0000000088a00000, 0x0000000088a00000|100%| O|  |TAMS 0x0000000088900000| PB 0x0000000088900000| Untracked 
|  70|0x0000000088a00000, 0x0000000088b00000, 0x0000000088b00000|100%| O|  |TAMS 0x0000000088a00000| PB 0x0000000088a00000| Untracked 
|  71|0x0000000088b00000, 0x0000000088c00000, 0x0000000088c00000|100%| O|  |TAMS 0x0000000088b00000| PB 0x0000000088b00000| Untracked 
|  72|0x0000000088c00000, 0x0000000088d00000, 0x0000000088d00000|100%| O|  |TAMS 0x0000000088c00000| PB 0x0000000088c00000| Untracked 
|  73|0x0000000088d00000, 0x0000000088e00000, 0x0000000088e00000|100%| O|  |TAMS 0x0000000088d00000| PB 0x0000000088d00000| Untracked 
|  74|0x0000000088e00000, 0x0000000088f00000, 0x0000000088f00000|100%| O|  |TAMS 0x0000000088e00000| PB 0x0000000088e00000| Untracked 
|  75|0x0000000088f00000, 0x0000000089000000, 0x0000000089000000|100%| O|  |TAMS 0x0000000088f00000| PB 0x0000000088f00000| Untracked 
|  76|0x0000000089000000, 0x0000000089100000, 0x0000000089100000|100%| O|  |TAMS 0x0000000089000000| PB 0x0000000089000000| Untracked 
|  77|0x0000000089100000, 0x0000000089200000, 0x0000000089200000|100%| O|Cm|TAMS 0x0000000089100000| PB 0x0000000089100000| Complete 
|  78|0x0000000089200000, 0x0000000089300000, 0x0000000089300000|100%| O|  |TAMS 0x0000000089200000| PB 0x0000000089200000| Untracked 
|  79|0x0000000089300000, 0x0000000089400000, 0x0000000089400000|100%| O|  |TAMS 0x0000000089300000| PB 0x0000000089300000| Untracked 
|  80|0x0000000089400000, 0x0000000089500000, 0x0000000089500000|100%| O|  |TAMS 0x0000000089400000| PB 0x0000000089400000| Untracked 
|  81|0x0000000089500000, 0x0000000089600000, 0x0000000089600000|100%| O|  |TAMS 0x0000000089500000| PB 0x0000000089500000| Untracked 
|  82|0x0000000089600000, 0x0000000089700000, 0x0000000089700000|100%| O|  |TAMS 0x0000000089600000| PB 0x0000000089600000| Untracked 
|  83|0x0000000089700000, 0x0000000089800000, 0x0000000089800000|100%| O|  |TAMS 0x0000000089700000| PB 0x0000000089700000| Untracked 
|  84|0x0000000089800000, 0x0000000089900000, 0x0000000089900000|100%| O|  |TAMS 0x0000000089800000| PB 0x0000000089800000| Untracked 
|  85|0x0000000089900000, 0x0000000089a00000, 0x0000000089a00000|100%| O|Cm|TAMS 0x0000000089900000| PB 0x0000000089900000| Complete 
|  86|0x0000000089a00000, 0x0000000089b00000, 0x0000000089b00000|100%| O|  |TAMS 0x0000000089a00000| PB 0x0000000089a00000| Untracked 
|  87|0x0000000089b00000, 0x0000000089c00000, 0x0000000089c00000|100%| O|  |TAMS 0x0000000089b00000| PB 0x0000000089b00000| Untracked 
|  88|0x0000000089c00000, 0x0000000089d00000, 0x0000000089d00000|100%| O|  |TAMS 0x0000000089c00000| PB 0x0000000089c00000| Untracked 
|  89|0x0000000089d00000, 0x0000000089dcb010, 0x0000000089e00000| 79%| O|  |TAMS 0x0000000089d00000| PB 0x0000000089d00000| Untracked 
|  90|0x0000000089e00000, 0x0000000089e00000, 0x0000000089f00000|  0%| F|  |TAMS 0x0000000089e00000| PB 0x0000000089e00000| Untracked 
|  91|0x0000000089f00000, 0x000000008a000000, 0x000000008a000000|100%| O|  |TAMS 0x0000000089f00000| PB 0x0000000089f00000| Untracked 
|  92|0x000000008a000000, 0x000000008a100000, 0x000000008a100000|100%| O|  |TAMS 0x000000008a000000| PB 0x000000008a000000| Untracked 
|  93|0x000000008a100000, 0x000000008a200000, 0x000000008a200000|100%| O|  |TAMS 0x000000008a100000| PB 0x000000008a100000| Untracked 
|  94|0x000000008a200000, 0x000000008a300000, 0x000000008a300000|100%| O|  |TAMS 0x000000008a200000| PB 0x000000008a200000| Untracked 
|  95|0x000000008a300000, 0x000000008a400000, 0x000000008a400000|100%| O|  |TAMS 0x000000008a300000| PB 0x000000008a300000| Untracked 
|  96|0x000000008a400000, 0x000000008a500000, 0x000000008a500000|100%| O|  |TAMS 0x000000008a400000| PB 0x000000008a400000| Untracked 
|  97|0x000000008a500000, 0x000000008a600000, 0x000000008a600000|100%| O|  |TAMS 0x000000008a500000| PB 0x000000008a500000| Untracked 
|  98|0x000000008a600000, 0x000000008a700000, 0x000000008a700000|100%| O|  |TAMS 0x000000008a600000| PB 0x000000008a600000| Untracked 
|  99|0x000000008a700000, 0x000000008a800000, 0x000000008a800000|100%| O|Cm|TAMS 0x000000008a700000| PB 0x000000008a700000| Complete 
| 100|0x000000008a800000, 0x000000008a800000, 0x000000008a900000|  0%| F|  |TAMS 0x000000008a800000| PB 0x000000008a800000| Untracked 
| 101|0x000000008a900000, 0x000000008a900000, 0x000000008aa00000|  0%| F|  |TAMS 0x000000008a900000| PB 0x000000008a900000| Untracked 
| 102|0x000000008aa00000, 0x000000008aa00000, 0x000000008ab00000|  0%| F|  |TAMS 0x000000008aa00000| PB 0x000000008aa00000| Untracked 
| 103|0x000000008ab00000, 0x000000008ab00000, 0x000000008ac00000|  0%| F|  |TAMS 0x000000008ab00000| PB 0x000000008ab00000| Untracked 
| 104|0x000000008ac00000, 0x000000008ac00000, 0x000000008ad00000|  0%| F|  |TAMS 0x000000008ac00000| PB 0x000000008ac00000| Untracked 
| 105|0x000000008ad00000, 0x000000008ad00000, 0x000000008ae00000|  0%| F|  |TAMS 0x000000008ad00000| PB 0x000000008ad00000| Untracked 
| 106|0x000000008ae00000, 0x000000008ae00000, 0x000000008af00000|  0%| F|  |TAMS 0x000000008ae00000| PB 0x000000008ae00000| Untracked 
| 107|0x000000008af00000, 0x000000008af00000, 0x000000008b000000|  0%| F|  |TAMS 0x000000008af00000| PB 0x000000008af00000| Untracked 
| 108|0x000000008b000000, 0x000000008b000000, 0x000000008b100000|  0%| F|  |TAMS 0x000000008b000000| PB 0x000000008b000000| Untracked 
| 109|0x000000008b100000, 0x000000008b100000, 0x000000008b200000|  0%| F|  |TAMS 0x000000008b100000| PB 0x000000008b100000| Untracked 
| 110|0x000000008b200000, 0x000000008b200000, 0x000000008b300000|  0%| F|  |TAMS 0x000000008b200000| PB 0x000000008b200000| Untracked 
| 111|0x000000008b300000, 0x000000008b300000, 0x000000008b400000|  0%| F|  |TAMS 0x000000008b300000| PB 0x000000008b300000| Untracked 
| 112|0x000000008b400000, 0x000000008b400000, 0x000000008b500000|  0%| F|  |TAMS 0x000000008b400000| PB 0x000000008b400000| Untracked 
| 113|0x000000008b500000, 0x000000008b500000, 0x000000008b600000|  0%| F|  |TAMS 0x000000008b500000| PB 0x000000008b500000| Untracked 
| 114|0x000000008b600000, 0x000000008b700000, 0x000000008b700000|100%| S|CS|TAMS 0x000000008b600000| PB 0x000000008b600000| Complete 
| 115|0x000000008b700000, 0x000000008b800000, 0x000000008b800000|100%| S|CS|TAMS 0x000000008b700000| PB 0x000000008b700000| Complete 
| 116|0x000000008b800000, 0x000000008b900000, 0x000000008b900000|100%| S|CS|TAMS 0x000000008b800000| PB 0x000000008b800000| Complete 
| 117|0x000000008b900000, 0x000000008ba00000, 0x000000008ba00000|100%| S|CS|TAMS 0x000000008b900000| PB 0x000000008b900000| Complete 
| 118|0x000000008ba00000, 0x000000008bb00000, 0x000000008bb00000|100%| S|CS|TAMS 0x000000008ba00000| PB 0x000000008ba00000| Complete 
| 119|0x000000008bb00000, 0x000000008bc00000, 0x000000008bc00000|100%| S|CS|TAMS 0x000000008bb00000| PB 0x000000008bb00000| Complete 
| 120|0x000000008bc00000, 0x000000008bc00000, 0x000000008bd00000|  0%| F|  |TAMS 0x000000008bc00000| PB 0x000000008bc00000| Untracked 
| 121|0x000000008bd00000, 0x000000008bd00000, 0x000000008be00000|  0%| F|  |TAMS 0x000000008bd00000| PB 0x000000008bd00000| Untracked 
| 122|0x000000008be00000, 0x000000008be00000, 0x000000008bf00000|  0%| F|  |TAMS 0x000000008be00000| PB 0x000000008be00000| Untracked 
| 123|0x000000008bf00000, 0x000000008bf00000, 0x000000008c000000|  0%| F|  |TAMS 0x000000008bf00000| PB 0x000000008bf00000| Untracked 
| 124|0x000000008c000000, 0x000000008c000000, 0x000000008c100000|  0%| F|  |TAMS 0x000000008c000000| PB 0x000000008c000000| Untracked 
| 125|0x000000008c100000, 0x000000008c100000, 0x000000008c200000|  0%| F|  |TAMS 0x000000008c100000| PB 0x000000008c100000| Untracked 
| 126|0x000000008c200000, 0x000000008c200000, 0x000000008c300000|  0%| F|  |TAMS 0x000000008c200000| PB 0x000000008c200000| Untracked 
| 127|0x000000008c300000, 0x000000008c300000, 0x000000008c400000|  0%| F|  |TAMS 0x000000008c300000| PB 0x000000008c300000| Untracked 
| 128|0x000000008c400000, 0x000000008c400000, 0x000000008c500000|  0%| F|  |TAMS 0x000000008c400000| PB 0x000000008c400000| Untracked 
| 129|0x000000008c500000, 0x000000008c500000, 0x000000008c600000|  0%| F|  |TAMS 0x000000008c500000| PB 0x000000008c500000| Untracked 
| 130|0x000000008c600000, 0x000000008c600000, 0x000000008c700000|  0%| F|  |TAMS 0x000000008c600000| PB 0x000000008c600000| Untracked 
| 131|0x000000008c700000, 0x000000008c700000, 0x000000008c800000|  0%| F|  |TAMS 0x000000008c700000| PB 0x000000008c700000| Untracked 
| 132|0x000000008c800000, 0x000000008c800000, 0x000000008c900000|  0%| F|  |TAMS 0x000000008c800000| PB 0x000000008c800000| Untracked 
| 133|0x000000008c900000, 0x000000008c900000, 0x000000008ca00000|  0%| F|  |TAMS 0x000000008c900000| PB 0x000000008c900000| Untracked 
| 134|0x000000008ca00000, 0x000000008ca00000, 0x000000008cb00000|  0%| F|  |TAMS 0x000000008ca00000| PB 0x000000008ca00000| Untracked 
| 135|0x000000008cb00000, 0x000000008cb00000, 0x000000008cc00000|  0%| F|  |TAMS 0x000000008cb00000| PB 0x000000008cb00000| Untracked 
| 136|0x000000008cc00000, 0x000000008cc00000, 0x000000008cd00000|  0%| F|  |TAMS 0x000000008cc00000| PB 0x000000008cc00000| Untracked 
| 137|0x000000008cd00000, 0x000000008cd00000, 0x000000008ce00000|  0%| F|  |TAMS 0x000000008cd00000| PB 0x000000008cd00000| Untracked 
| 138|0x000000008ce00000, 0x000000008ce00000, 0x000000008cf00000|  0%| F|  |TAMS 0x000000008ce00000| PB 0x000000008ce00000| Untracked 
| 139|0x000000008cf00000, 0x000000008cf00000, 0x000000008d000000|  0%| F|  |TAMS 0x000000008cf00000| PB 0x000000008cf00000| Untracked 
| 140|0x000000008d000000, 0x000000008d000000, 0x000000008d100000|  0%| F|  |TAMS 0x000000008d000000| PB 0x000000008d000000| Untracked 
| 141|0x000000008d100000, 0x000000008d100000, 0x000000008d200000|  0%| F|  |TAMS 0x000000008d100000| PB 0x000000008d100000| Untracked 
| 142|0x000000008d200000, 0x000000008d200000, 0x000000008d300000|  0%| F|  |TAMS 0x000000008d200000| PB 0x000000008d200000| Untracked 
| 143|0x000000008d300000, 0x000000008d300000, 0x000000008d400000|  0%| F|  |TAMS 0x000000008d300000| PB 0x000000008d300000| Untracked 
| 144|0x000000008d400000, 0x000000008d400000, 0x000000008d500000|  0%| F|  |TAMS 0x000000008d400000| PB 0x000000008d400000| Untracked 
| 145|0x000000008d500000, 0x000000008d500000, 0x000000008d600000|  0%| F|  |TAMS 0x000000008d500000| PB 0x000000008d500000| Untracked 
| 146|0x000000008d600000, 0x000000008d600000, 0x000000008d700000|  0%| F|  |TAMS 0x000000008d600000| PB 0x000000008d600000| Untracked 
| 147|0x000000008d700000, 0x000000008d700000, 0x000000008d800000|  0%| F|  |TAMS 0x000000008d700000| PB 0x000000008d700000| Untracked 
| 148|0x000000008d800000, 0x000000008d800000, 0x000000008d900000|  0%| F|  |TAMS 0x000000008d800000| PB 0x000000008d800000| Untracked 
| 149|0x000000008d900000, 0x000000008d900000, 0x000000008da00000|  0%| F|  |TAMS 0x000000008d900000| PB 0x000000008d900000| Untracked 
| 150|0x000000008da00000, 0x000000008da00000, 0x000000008db00000|  0%| F|  |TAMS 0x000000008da00000| PB 0x000000008da00000| Untracked 
| 151|0x000000008db00000, 0x000000008db00000, 0x000000008dc00000|  0%| F|  |TAMS 0x000000008db00000| PB 0x000000008db00000| Untracked 
| 152|0x000000008dc00000, 0x000000008dc00000, 0x000000008dd00000|  0%| F|  |TAMS 0x000000008dc00000| PB 0x000000008dc00000| Untracked 
| 153|0x000000008dd00000, 0x000000008dd00000, 0x000000008de00000|  0%| F|  |TAMS 0x000000008dd00000| PB 0x000000008dd00000| Untracked 
| 154|0x000000008de00000, 0x000000008de00000, 0x000000008df00000|  0%| F|  |TAMS 0x000000008de00000| PB 0x000000008de00000| Untracked 
| 155|0x000000008df00000, 0x000000008df00000, 0x000000008e000000|  0%| F|  |TAMS 0x000000008df00000| PB 0x000000008df00000| Untracked 
| 156|0x000000008e000000, 0x000000008e000000, 0x000000008e100000|  0%| F|  |TAMS 0x000000008e000000| PB 0x000000008e000000| Untracked 
| 157|0x000000008e100000, 0x000000008e100000, 0x000000008e200000|  0%| F|  |TAMS 0x000000008e100000| PB 0x000000008e100000| Untracked 
| 158|0x000000008e200000, 0x000000008e200000, 0x000000008e300000|  0%| F|  |TAMS 0x000000008e200000| PB 0x000000008e200000| Untracked 
| 159|0x000000008e300000, 0x000000008e380000, 0x000000008e400000| 50%| E|  |TAMS 0x000000008e300000| PB 0x000000008e300000| Complete 
| 160|0x000000008e400000, 0x000000008e500000, 0x000000008e500000|100%| E|CS|TAMS 0x000000008e400000| PB 0x000000008e400000| Complete 
| 161|0x000000008e500000, 0x000000008e600000, 0x000000008e600000|100%| E|CS|TAMS 0x000000008e500000| PB 0x000000008e500000| Complete 
| 162|0x000000008e600000, 0x000000008e700000, 0x000000008e700000|100%| E|CS|TAMS 0x000000008e600000| PB 0x000000008e600000| Complete 
| 163|0x000000008e700000, 0x000000008e800000, 0x000000008e800000|100%| E|CS|TAMS 0x000000008e700000| PB 0x000000008e700000| Complete 
| 164|0x000000008e800000, 0x000000008e900000, 0x000000008e900000|100%| E|CS|TAMS 0x000000008e800000| PB 0x000000008e800000| Complete 
| 165|0x000000008e900000, 0x000000008ea00000, 0x000000008ea00000|100%| E|CS|TAMS 0x000000008e900000| PB 0x000000008e900000| Complete 
| 166|0x000000008ea00000, 0x000000008eb00000, 0x000000008eb00000|100%| E|CS|TAMS 0x000000008ea00000| PB 0x000000008ea00000| Complete 
| 167|0x000000008eb00000, 0x000000008ec00000, 0x000000008ec00000|100%| E|CS|TAMS 0x000000008eb00000| PB 0x000000008eb00000| Complete 
| 168|0x000000008ec00000, 0x000000008ed00000, 0x000000008ed00000|100%| E|CS|TAMS 0x000000008ec00000| PB 0x000000008ec00000| Complete 
| 169|0x000000008ed00000, 0x000000008ee00000, 0x000000008ee00000|100%| E|CS|TAMS 0x000000008ed00000| PB 0x000000008ed00000| Complete 
| 170|0x000000008ee00000, 0x000000008ef00000, 0x000000008ef00000|100%| E|CS|TAMS 0x000000008ee00000| PB 0x000000008ee00000| Complete 
| 171|0x000000008ef00000, 0x000000008f000000, 0x000000008f000000|100%| E|CS|TAMS 0x000000008ef00000| PB 0x000000008ef00000| Complete 
| 172|0x000000008f000000, 0x000000008f100000, 0x000000008f100000|100%| E|CS|TAMS 0x000000008f000000| PB 0x000000008f000000| Complete 
| 173|0x000000008f100000, 0x000000008f200000, 0x000000008f200000|100%| E|CS|TAMS 0x000000008f100000| PB 0x000000008f100000| Complete 
| 174|0x000000008f200000, 0x000000008f300000, 0x000000008f300000|100%| E|CS|TAMS 0x000000008f200000| PB 0x000000008f200000| Complete 
| 175|0x000000008f300000, 0x000000008f400000, 0x000000008f400000|100%| E|CS|TAMS 0x000000008f300000| PB 0x000000008f300000| Complete 
| 176|0x000000008f400000, 0x000000008f500000, 0x000000008f500000|100%| E|CS|TAMS 0x000000008f400000| PB 0x000000008f400000| Complete 
| 177|0x000000008f500000, 0x000000008f600000, 0x000000008f600000|100%| E|CS|TAMS 0x000000008f500000| PB 0x000000008f500000| Complete 
| 178|0x000000008f600000, 0x000000008f700000, 0x000000008f700000|100%| E|CS|TAMS 0x000000008f600000| PB 0x000000008f600000| Complete 
|1975|0x00000000ffb00000, 0x00000000ffc00000, 0x00000000ffc00000|100%| O|  |TAMS 0x00000000ffb00000| PB 0x00000000ffb00000| Untracked 
|1976|0x00000000ffc00000, 0x00000000ffd00000, 0x00000000ffd00000|100%| O|  |TAMS 0x00000000ffc00000| PB 0x00000000ffc00000| Untracked 
|1977|0x00000000ffd00000, 0x00000000ffe00000, 0x00000000ffe00000|100%| O|  |TAMS 0x00000000ffd00000| PB 0x00000000ffd00000| Untracked 
|1978|0x00000000ffe00000, 0x00000000fff00000, 0x00000000fff00000|100%| O|  |TAMS 0x00000000ffe00000| PB 0x00000000ffe00000| Untracked 
|1979|0x00000000fff00000, 0x0000000100000000, 0x0000000100000000|100%| O|  |TAMS 0x00000000fff00000| PB 0x00000000fff00000| Untracked 

Card table byte_map: [0x000001e3fb700000,0x000001e3fbae0000] _byte_map_base: 0x000001e3fb2de000

Marking Bits: (CMBitMap*) 0x000001e3e921c400
 Bits: [0x000001e3fbae0000, 0x000001e3fd9d0000)

Polling page: 0x000001e3e7360000

Metaspace:

Usage:
  Non-class:     79.48 MB used.
      Class:      9.11 MB used.
       Both:     88.59 MB used.

Virtual space:
  Non-class space:      128.00 MB reserved,      79.88 MB ( 62%) committed,  2 nodes.
      Class space:        1.00 GB reserved,       9.56 MB ( <1%) committed,  1 nodes.
             Both:        1.12 GB reserved,      89.44 MB (  8%) committed. 

Chunk freelists:
   Non-Class:  15.58 MB
       Class:  6.28 MB
        Both:  21.86 MB

MaxMetaspaceSize: unlimited
CompressedClassSpaceSize: 1.00 GB
Initial GC threshold: 21.00 MB
Current GC threshold: 149.00 MB
CDS: off
 - commit_granule_bytes: 65536.
 - commit_granule_words: 8192.
 - virtual_space_node_default_size: 8388608.
 - enlarge_chunks_in_place: 1.
 - use_allocation_guard: 0.


Internal statistics:

num_allocs_failed_limit: 3.
num_arena_births: 1482.
num_arena_deaths: 0.
num_vsnodes_births: 3.
num_vsnodes_deaths: 0.
num_space_committed: 1429.
num_space_uncommitted: 0.
num_chunks_returned_to_freelist: 3.
num_chunks_taken_from_freelist: 4646.
num_chunk_merges: 3.
num_chunk_splits: 3539.
num_chunks_enlarged: 2795.
num_inconsistent_stats: 0.

CodeHeap 'non-profiled nmethods': size=120000Kb used=8854Kb max_used=9484Kb free=111145Kb
 bounds [0x000001e3f3df0000, 0x000001e3f4740000, 0x000001e3fb320000]
CodeHeap 'profiled nmethods': size=120000Kb used=47998Kb max_used=50675Kb free=72001Kb
 bounds [0x000001e3ec320000, 0x000001e3ef4c0000, 0x000001e3f3850000]
CodeHeap 'non-nmethods': size=5760Kb used=2010Kb max_used=2070Kb free=3749Kb
 bounds [0x000001e3f3850000, 0x000001e3f3ac0000, 0x000001e3f3df0000]
 total_blobs=16232 nmethods=15436 adapters=696
 compilation: enabled
              stopped_count=0, restarted_count=0
 full_count=0

Compilation events (20 events):
Event: 61.349 Thread 0x000001e3802f7af0 19153       3       org.jetbrains.kotlin.serialization.deserialization.ProtoEnumFlags::modality (77 bytes)
Event: 61.349 Thread 0x000001e3802f7af0 nmethod 19153 0x000001e3ec320010 code [0x000001e3ec320280, 0x000001e3ec320aa8]
Event: 61.349 Thread 0x000001e3802f7af0 19154       3       org.jetbrains.kotlin.resolve.InlineClassesUtilsKt::needsMfvcFlattening (66 bytes)
Event: 61.350 Thread 0x000001e3802f7af0 nmethod 19154 0x000001e3ee157110 code [0x000001e3ee157440, 0x000001e3ee158688]
Event: 61.350 Thread 0x000001e3802f7af0 19155       3       org.jetbrains.kotlin.codegen.DelegatingClassBuilder::visitSource (21 bytes)
Event: 61.350 Thread 0x000001e3802f7af0 nmethod 19155 0x000001e3ec38c710 code [0x000001e3ec38c8e0, 0x000001e3ec38cbe8]
Event: 61.390 Thread 0x000001e38028fb00 nmethod 19113 0x000001e3f3eaa990 code [0x000001e3f3eaae80, 0x000001e3f3eae768]
Event: 61.390 Thread 0x000001e38028fb00 19149   !   4       org.jetbrains.kotlin.codegen.optimization.common.FastMethodAnalyzer::analyze (793 bytes)
Event: 61.428 Thread 0x000001e3802f7af0 19156       3       org.jetbrains.org.objectweb.asm.commons.InstructionAdapter::getfield (14 bytes)
Event: 61.428 Thread 0x000001e3802f7af0 nmethod 19156 0x000001e3ec3be790 code [0x000001e3ec3be940, 0x000001e3ec3beb30]
Event: 61.431 Thread 0x000001e3802f7af0 19157       3       org.jetbrains.kotlin.codegen.serialization.JvmSignatureSerializerImpl::mapTypeDefault (67 bytes)
Event: 61.432 Thread 0x000001e3802f7af0 nmethod 19157 0x000001e3ec3df790 code [0x000001e3ec3df9e0, 0x000001e3ec3e0150]
Event: 61.447 Thread 0x000001e3802f7af0 19158       3       org.jetbrains.kotlin.types.AbstractTypeMapper::mapType (561 bytes)
Event: 61.454 Thread 0x000001e3802f7af0 nmethod 19158 0x000001e3ef339a10 code [0x000001e3ef33a9e0, 0x000001e3ef343cb8]
Event: 61.454 Thread 0x000001e3802f7af0 19160       3       org.jetbrains.kotlin.metadata.jvm.deserialization.UtfEncodingKt::bytesToStrings (196 bytes)
Event: 61.455 Thread 0x000001e3802f7af0 nmethod 19160 0x000001e3ec510890 code [0x000001e3ec510c40, 0x000001e3ec512508]
Event: 61.455 Thread 0x000001e3802f7af0 19159       3       org.jetbrains.kotlin.metadata.jvm.JvmProtoBuf$StringTableTypes::getSerializedSize (148 bytes)
Event: 61.456 Thread 0x000001e3802f7af0 nmethod 19159 0x000001e3ee379b90 code [0x000001e3ee379e60, 0x000001e3ee37ad18]
Event: 61.456 Thread 0x000001e3802f7af0 19161       1       org.jetbrains.kotlin.metadata.jvm.serialization.JvmStringTable::getStrings (5 bytes)
Event: 61.456 Thread 0x000001e3802f7af0 nmethod 19161 0x000001e3f3e12b90 code [0x000001e3f3e12d20, 0x000001e3f3e12de8]

GC Heap History (20 events):
Event: 41.695 GC heap before
{Heap before GC invocations=40 (full 0):
 garbage-first heap   total 140288K, used 121699K [0x0000000084400000, 0x0000000100000000)
  region size 1024K, 49 young (50176K), 7 survivors (7168K)
 Metaspace       used 61567K, committed 62336K, reserved 1114112K
  class space    used 6793K, committed 7168K, reserved 1048576K
}
Event: 41.708 GC heap after
{Heap after GC invocations=41 (full 0):
 garbage-first heap   total 140288K, used 82728K [0x0000000084400000, 0x0000000100000000)
  region size 1024K, 4 young (4096K), 4 survivors (4096K)
 Metaspace       used 61567K, committed 62336K, reserved 1114112K
  class space    used 6793K, committed 7168K, reserved 1048576K
}
Event: 45.876 GC heap before
{Heap before GC invocations=42 (full 0):
 garbage-first heap   total 140288K, used 125736K [0x0000000084400000, 0x0000000100000000)
  region size 1024K, 46 young (47104K), 4 survivors (4096K)
 Metaspace       used 65601K, committed 66368K, reserved 1114112K
  class space    used 7177K, committed 7552K, reserved 1048576K
}
Event: 45.886 GC heap after
{Heap after GC invocations=43 (full 0):
 garbage-first heap   total 140288K, used 83534K [0x0000000084400000, 0x0000000100000000)
  region size 1024K, 3 young (3072K), 3 survivors (3072K)
 Metaspace       used 65601K, committed 66368K, reserved 1114112K
  class space    used 7177K, committed 7552K, reserved 1048576K
}
Event: 47.490 GC heap before
{Heap before GC invocations=43 (full 0):
 garbage-first heap   total 140288K, used 127566K [0x0000000084400000, 0x0000000100000000)
  region size 1024K, 46 young (47104K), 3 survivors (3072K)
 Metaspace       used 71687K, committed 72512K, reserved 1114112K
  class space    used 7788K, committed 8192K, reserved 1048576K
}
Event: 47.502 GC heap after
{Heap after GC invocations=44 (full 0):
 garbage-first heap   total 140288K, used 88064K [0x0000000084400000, 0x0000000100000000)
  region size 1024K, 6 young (6144K), 6 survivors (6144K)
 Metaspace       used 71687K, committed 72512K, reserved 1114112K
  class space    used 7788K, committed 8192K, reserved 1048576K
}
Event: 49.843 GC heap before
{Heap before GC invocations=44 (full 0):
 garbage-first heap   total 140288K, used 125952K [0x0000000084400000, 0x0000000100000000)
  region size 1024K, 43 young (44032K), 6 survivors (6144K)
 Metaspace       used 72945K, committed 73728K, reserved 1179648K
  class space    used 7888K, committed 8256K, reserved 1048576K
}
Event: 49.862 GC heap after
{Heap after GC invocations=45 (full 0):
 garbage-first heap   total 141312K, used 96663K [0x0000000084400000, 0x0000000100000000)
  region size 1024K, 6 young (6144K), 6 survivors (6144K)
 Metaspace       used 72945K, committed 73728K, reserved 1179648K
  class space    used 7888K, committed 8256K, reserved 1048576K
}
Event: 51.248 GC heap before
{Heap before GC invocations=46 (full 0):
 garbage-first heap   total 162816K, used 125335K [0x0000000084400000, 0x0000000100000000)
  region size 1024K, 34 young (34816K), 6 survivors (6144K)
 Metaspace       used 76946K, committed 77760K, reserved 1179648K
  class space    used 8285K, committed 8704K, reserved 1048576K
}
Event: 51.262 GC heap after
{Heap after GC invocations=47 (full 0):
 garbage-first heap   total 162816K, used 100116K [0x0000000084400000, 0x0000000100000000)
  region size 1024K, 3 young (3072K), 3 survivors (3072K)
 Metaspace       used 76946K, committed 77760K, reserved 1179648K
  class space    used 8285K, committed 8704K, reserved 1048576K
}
Event: 52.861 GC heap before
{Heap before GC invocations=47 (full 0):
 garbage-first heap   total 162816K, used 145172K [0x0000000084400000, 0x0000000100000000)
  region size 1024K, 47 young (48128K), 3 survivors (3072K)
 Metaspace       used 82950K, committed 83840K, reserved 1179648K
  class space    used 8829K, committed 9280K, reserved 1048576K
}
Event: 52.873 GC heap after
{Heap after GC invocations=48 (full 0):
 garbage-first heap   total 162816K, used 102816K [0x0000000084400000, 0x0000000100000000)
  region size 1024K, 6 young (6144K), 6 survivors (6144K)
 Metaspace       used 82950K, committed 83840K, reserved 1179648K
  class space    used 8829K, committed 9280K, reserved 1048576K
}
Event: 56.434 GC heap before
{Heap before GC invocations=48 (full 0):
 garbage-first heap   total 162816K, used 146848K [0x0000000084400000, 0x0000000100000000)
  region size 1024K, 49 young (50176K), 6 survivors (6144K)
 Metaspace       used 88779K, committed 89664K, reserved 1179648K
  class space    used 9259K, committed 9728K, reserved 1048576K
}
Event: 56.450 GC heap after
{Heap after GC invocations=49 (full 0):
 garbage-first heap   total 162816K, used 106241K [0x0000000084400000, 0x0000000100000000)
  region size 1024K, 3 young (3072K), 3 survivors (3072K)
 Metaspace       used 88779K, committed 89664K, reserved 1179648K
  class space    used 9259K, committed 9728K, reserved 1048576K
}
Event: 57.548 GC heap before
{Heap before GC invocations=50 (full 0):
 garbage-first heap   total 178176K, used 149249K [0x0000000084400000, 0x0000000100000000)
  region size 1024K, 45 young (46080K), 3 survivors (3072K)
 Metaspace       used 90020K, committed 90880K, reserved 1179648K
  class space    used 9300K, committed 9728K, reserved 1048576K
}
Event: 57.557 GC heap after
{Heap after GC invocations=51 (full 0):
 garbage-first heap   total 178176K, used 109313K [0x0000000084400000, 0x0000000100000000)
  region size 1024K, 6 young (6144K), 6 survivors (6144K)
 Metaspace       used 90020K, committed 90880K, reserved 1179648K
  class space    used 9300K, committed 9728K, reserved 1048576K
}
Event: 58.848 GC heap before
{Heap before GC invocations=51 (full 0):
 garbage-first heap   total 178176K, used 161537K [0x0000000084400000, 0x0000000100000000)
  region size 1024K, 57 young (58368K), 6 survivors (6144K)
 Metaspace       used 90351K, committed 91264K, reserved 1179648K
  class space    used 9307K, committed 9792K, reserved 1048576K
}
Event: 58.859 GC heap after
{Heap after GC invocations=52 (full 0):
 garbage-first heap   total 178176K, used 110259K [0x0000000084400000, 0x0000000100000000)
  region size 1024K, 7 young (7168K), 7 survivors (7168K)
 Metaspace       used 90351K, committed 91264K, reserved 1179648K
  class space    used 9307K, committed 9792K, reserved 1048576K
}
Event: 60.049 GC heap before
{Heap before GC invocations=52 (full 0):
 garbage-first heap   total 178176K, used 160435K [0x0000000084400000, 0x0000000100000000)
  region size 1024K, 56 young (57344K), 7 survivors (7168K)
 Metaspace       used 90598K, committed 91520K, reserved 1179648K
  class space    used 9316K, committed 9792K, reserved 1048576K
}
Event: 60.125 GC heap after
{Heap after GC invocations=53 (full 0):
 garbage-first heap   total 178176K, used 112428K [0x0000000084400000, 0x0000000100000000)
  region size 1024K, 6 young (6144K), 6 survivors (6144K)
 Metaspace       used 90598K, committed 91520K, reserved 1179648K
  class space    used 9316K, committed 9792K, reserved 1048576K
}

Dll operation events (3 events):
Event: 0.323 Loaded shared library D:\Android new\jbr\bin\java.dll
Event: 0.646 Loaded shared library D:\Android new\jbr\bin\zip.dll
Event: 9.049 Loaded shared library D:\Android new\jbr\bin\verify.dll

Deoptimization events (20 events):
Event: 61.436 Thread 0x000001e3e700ed60 Uncommon trap: trap_request=0xffffffde fr.pc=0x000001e3f46d7228 relative=0x0000000000000088
Event: 61.436 Thread 0x000001e3e700ed60 Uncommon trap: reason=class_check action=maybe_recompile pc=0x000001e3f46d7228 method=org.jetbrains.kotlin.backend.jvm.mapping.IrTypeMapper.writeFormalTypeParameters(Ljava/util/List;Lorg/jetbrains/kotlin/codegen/signature/JvmSignatureWriter;)V @ 30 c2
Event: 61.436 Thread 0x000001e3e700ed60 DEOPT PACKING pc=0x000001e3f46d7228 sp=0x00000087636fd6e0
Event: 61.436 Thread 0x000001e3e700ed60 DEOPT UNPACKING pc=0x000001e3f38a7da2 sp=0x00000087636fd670 mode 2
Event: 61.443 Thread 0x000001e3e700ed60 Uncommon trap: trap_request=0xffffffde fr.pc=0x000001e3f46bcae0 relative=0x0000000000001420
Event: 61.443 Thread 0x000001e3e700ed60 Uncommon trap: reason=class_check action=maybe_recompile pc=0x000001e3f46bcae0 method=org.jetbrains.kotlin.types.AbstractTypeMapper.mapType(Lorg/jetbrains/kotlin/types/TypeSystemCommonBackendContextForTypeMapping;Lorg/jetbrains/kotlin/types/TypeMappingCon
Event: 61.444 Thread 0x000001e3e700ed60 DEOPT PACKING pc=0x000001e3f46bcae0 sp=0x00000087636fcf30
Event: 61.444 Thread 0x000001e3e700ed60 DEOPT UNPACKING pc=0x000001e3f38a7da2 sp=0x00000087636fcec8 mode 2
Event: 61.444 Thread 0x000001e3e700ed60 Uncommon trap: trap_request=0xffffffde fr.pc=0x000001e3f46bcae0 relative=0x0000000000001420
Event: 61.444 Thread 0x000001e3e700ed60 Uncommon trap: reason=class_check action=maybe_recompile pc=0x000001e3f46bcae0 method=org.jetbrains.kotlin.types.AbstractTypeMapper.mapType(Lorg/jetbrains/kotlin/types/TypeSystemCommonBackendContextForTypeMapping;Lorg/jetbrains/kotlin/types/TypeMappingCon
Event: 61.444 Thread 0x000001e3e700ed60 DEOPT PACKING pc=0x000001e3f46bcae0 sp=0x00000087636fd340
Event: 61.444 Thread 0x000001e3e700ed60 DEOPT UNPACKING pc=0x000001e3f38a7da2 sp=0x00000087636fd2d8 mode 2
Event: 61.446 Thread 0x000001e3e700ed60 Uncommon trap: trap_request=0xffffff45 fr.pc=0x000001e3f46bd390 relative=0x0000000000001cd0
Event: 61.446 Thread 0x000001e3e700ed60 Uncommon trap: reason=unstable_if action=reinterpret pc=0x000001e3f46bd390 method=org.jetbrains.kotlin.types.AbstractTypeMapper.mapType(Lorg/jetbrains/kotlin/types/TypeSystemCommonBackendContextForTypeMapping;Lorg/jetbrains/kotlin/types/TypeMappingContext
Event: 61.446 Thread 0x000001e3e700ed60 DEOPT PACKING pc=0x000001e3f46bd390 sp=0x00000087636fcb70
Event: 61.446 Thread 0x000001e3e700ed60 DEOPT UNPACKING pc=0x000001e3f38a7da2 sp=0x00000087636fcb10 mode 2
Event: 61.462 Thread 0x000001e3e700ed60 Uncommon trap: trap_request=0xffffff45 fr.pc=0x000001e3f44fcbd4 relative=0x00000000000014f4
Event: 61.462 Thread 0x000001e3e700ed60 Uncommon trap: reason=unstable_if action=reinterpret pc=0x000001e3f44fcbd4 method=java.io.WinNTFileSystem.normalize(Ljava/lang/String;II)Ljava/lang/String; @ 8 c2
Event: 61.462 Thread 0x000001e3e700ed60 DEOPT PACKING pc=0x000001e3f44fcbd4 sp=0x00000087636fe670
Event: 61.462 Thread 0x000001e3e700ed60 DEOPT UNPACKING pc=0x000001e3f38a7da2 sp=0x00000087636fe630 mode 2

Classes loaded (20 events):
Event: 53.058 Loading class sun/security/jca/GetInstance$Instance
Event: 53.058 Loading class sun/security/jca/GetInstance$Instance done
Event: 53.058 Loading class java/security/MessageDigest$Delegate
Event: 53.058 Loading class sun/security/util/MessageDigestSpi2
Event: 53.058 Loading class sun/security/util/MessageDigestSpi2 done
Event: 53.058 Loading class java/security/MessageDigest$Delegate done
Event: 53.058 Loading class java/security/MessageDigest$Delegate$CloneableDelegate
Event: 53.058 Loading class java/security/MessageDigest$Delegate$CloneableDelegate done
Event: 53.058 Loading class sun/security/provider/ByteArrayAccess
Event: 53.058 Loading class sun/security/provider/ByteArrayAccess done
Event: 53.058 Loading class sun/security/provider/ByteArrayAccess$LE
Event: 53.058 Loading class sun/security/provider/ByteArrayAccess$LE done
Event: 53.059 Loading class java/util/Base64
Event: 53.059 Loading class java/util/Base64 done
Event: 53.059 Loading class java/util/Base64$Encoder
Event: 53.059 Loading class java/util/Base64$Encoder done
Event: 54.312 Loading class java/lang/TypeNotPresentException
Event: 54.313 Loading class java/lang/TypeNotPresentException done
Event: 54.847 Loading class java/util/Vector$Itr
Event: 54.848 Loading class java/util/Vector$Itr done

Classes unloaded (0 events):
No events

Classes redefined (0 events):
No events

Internal exceptions (20 events):
Event: 34.875 Thread 0x000001e3e700ed60 Exception <a 'java/lang/NoSuchMethodError'{0x00000000890f44b8}: 'int java.lang.invoke.DirectMethodHandle$Holder.invokeInterface(java.lang.Object, java.lang.Object)'> (0x00000000890f44b8) 
thrown [s\src\hotspot\share\interpreter\linkResolver.cpp, line 784]
Event: 37.229 Thread 0x000001e3e700ed60 Implicit null exception at 0x000001e3f422455a to 0x000001e3f42246d8
Event: 42.497 Thread 0x000001e3e700ed60 Implicit null exception at 0x000001e3f3eb89b6 to 0x000001e3f3eb8c1c
Event: 45.092 Thread 0x000001e3e700ed60 Exception <a 'java/lang/NoSuchMethodError'{0x000000008a63d0f8}: 'int java.lang.invoke.Invokers$Holder.invokeExact_MT(java.lang.Object, java.lang.Object, java.lang.Object)'> (0x000000008a63d0f8) 
thrown [s\src\hotspot\share\interpreter\linkResolver.cpp, line 784]
Event: 45.093 Thread 0x000001e3e700ed60 Exception <a 'java/lang/NoSuchMethodError'{0x000000008a6417d0}: 'void java.lang.invoke.Invokers$Holder.invokeExact_MT(java.lang.Object, java.lang.Object, java.lang.Object, java.lang.Object)'> (0x000000008a6417d0) 
thrown [s\src\hotspot\share\interpreter\linkResolver.cpp, line 784]
Event: 45.102 Thread 0x000001e3e700ed60 Implicit null exception at 0x000001e3f4267063 to 0x000001e3f42675cc
Event: 45.514 Thread 0x000001e3e700ed60 Exception <a 'java/lang/NoSuchMethodError'{0x000000008a571498}: 'java.lang.Object java.lang.invoke.DirectMethodHandle$Holder.invokeStaticInit(java.lang.Object, java.lang.Object, java.lang.Object, java.lang.Object)'> (0x000000008a571498) 
thrown [s\src\hotspot\share\interpreter\linkResolver.cpp, line 784]
Event: 46.141 Thread 0x000001e3e700ed60 Exception <a 'java/lang/NoSuchMethodError'{0x000000008c0554d0}: 'java.lang.Object java.lang.invoke.DirectMethodHandle$Holder.newInvokeSpecial(java.lang.Object, java.lang.Object, java.lang.Object, int, int)'> (0x000000008c0554d0) 
thrown [s\src\hotspot\share\interpreter\linkResolver.cpp, line 784]
Event: 46.142 Thread 0x000001e3e700ed60 Exception <a 'java/lang/NoSuchMethodError'{0x000000008c0590a0}: 'java.lang.Object java.lang.invoke.DirectMethodHandle$Holder.invokeSpecial(java.lang.Object, java.lang.Object, java.lang.Object, java.lang.Object, int, int)'> (0x000000008c0590a0) 
thrown [s\src\hotspot\share\interpreter\linkResolver.cpp, line 784]
Event: 46.573 Thread 0x000001e3e700ed60 Exception <a 'java/lang/NoSuchMethodError'{0x000000008b339540}: 'java.lang.Object java.lang.invoke.DirectMethodHandle$Holder.invokeSpecial(java.lang.Object, java.lang.Object, int, int, java.lang.Object, java.lang.Object, java.lang.Object, java.lang.Object, java.lang.Object)'> (0x000000008b339540) 
thrown [s\src\hotspot\share\interpreter\linkResolver.cpp, line 784]
Event: 46.583 Thread 0x000001e3e700ed60 Exception <a 'java/lang/NoSuchMethodError'{0x000000008b371710}: 'java.lang.Object java.lang.invoke.DirectMethodHandle$Holder.invokeStatic(java.lang.Object, int, java.lang.Object)'> (0x000000008b371710) 
thrown [s\src\hotspot\share\interpreter\linkResolver.cpp, line 784]
Event: 46.593 Thread 0x000001e3e700ed60 Exception <a 'java/lang/NoSuchMethodError'{0x000000008b396a98}: 'java.lang.Object java.lang.invoke.DirectMethodHandle$Holder.newInvokeSpecial(java.lang.Object, int, java.lang.Object, java.lang.Object)'> (0x000000008b396a98) 
thrown [s\src\hotspot\share\interpreter\linkResolver.cpp, line 784]
Event: 46.642 Thread 0x000001e3e700ed60 Exception <a 'java/lang/NoSuchMethodError'{0x000000008b2857d0}: 'java.lang.Object java.lang.invoke.DirectMethodHandle$Holder.newInvokeSpecial(java.lang.Object, java.lang.Object, int, int, java.lang.Object, java.lang.Object, java.lang.Object)'> (0x000000008b2857d0) 
thrown [s\src\hotspot\share\interpreter\linkResolver.cpp, line 784]
Event: 46.642 Thread 0x000001e3e700ed60 Exception <a 'java/lang/NoSuchMethodError'{0x000000008b28a0d0}: 'java.lang.Object java.lang.invoke.DirectMethodHandle$Holder.invokeSpecial(java.lang.Object, java.lang.Object, java.lang.Object, int, int, java.lang.Object, java.lang.Object, java.lang.Object)'> (0x000000008b28a0d0) 
thrown [s\src\hotspot\share\interpreter\linkResolver.cpp, line 784]
Event: 50.663 Thread 0x000001e3e700ed60 Implicit null exception at 0x000001e3f43f6759 to 0x000001e3f43f6b64
Event: 51.779 Thread 0x000001e3e700ed60 Implicit null exception at 0x000001e3f44735dc to 0x000001e3f4473f10
Event: 52.131 Thread 0x000001e3e700ed60 Implicit null exception at 0x000001e3f45239b7 to 0x000001e3f4524b18
Event: 52.685 Thread 0x000001e3e700ed60 Implicit null exception at 0x000001e3f457fb60 to 0x000001e3f457fdaa
Event: 61.272 Thread 0x000001e3e700ed60 Implicit null exception at 0x000001e3f46f3ddc to 0x000001e3f46f9b4c
Event: 61.446 Thread 0x000001e3e700ed60 Implicit null exception at 0x000001e3f46bc2a6 to 0x000001e3f46bd380

ZGC Phase Switch (0 events):
No events

VM Operations (20 events):
Event: 58.472 Executing VM operation: HandshakeAllThreads (Deoptimize)
Event: 58.472 Executing VM operation: HandshakeAllThreads (Deoptimize) done
Event: 58.666 Executing VM operation: ICBufferFull
Event: 58.666 Executing VM operation: ICBufferFull done
Event: 58.848 Executing VM operation: G1CollectForAllocation (G1 Evacuation Pause)
Event: 58.859 Executing VM operation: G1CollectForAllocation (G1 Evacuation Pause) done
Event: 59.502 Executing VM operation: ICBufferFull
Event: 59.502 Executing VM operation: ICBufferFull done
Event: 59.888 Executing VM operation: ICBufferFull
Event: 59.888 Executing VM operation: ICBufferFull done
Event: 60.049 Executing VM operation: G1CollectForAllocation (G1 Evacuation Pause)
Event: 60.125 Executing VM operation: G1CollectForAllocation (G1 Evacuation Pause) done
Event: 60.461 Executing VM operation: G1PauseRemark
Event: 60.610 Executing VM operation: G1PauseRemark done
Event: 60.610 Executing VM operation: HandshakeAllThreads (HandshakeForDeflation)
Event: 60.643 Executing VM operation: HandshakeAllThreads (HandshakeForDeflation) done
Event: 60.643 Executing VM operation: RendezvousGCThreads
Event: 60.644 Executing VM operation: RendezvousGCThreads done
Event: 60.713 Executing VM operation: G1PauseCleanup
Event: 60.758 Executing VM operation: G1PauseCleanup done

Memory protections (0 events):
No events

Nmethod flushes (20 events):
Event: 60.608 Thread 0x000001e3ffe916f0 flushing  nmethod 0x000001e3eec61510
Event: 60.608 Thread 0x000001e3ffe916f0 flushing  nmethod 0x000001e3eec64490
Event: 60.608 Thread 0x000001e3ffe916f0 flushing  nmethod 0x000001e3eec6aa10
Event: 60.608 Thread 0x000001e3ffe916f0 flushing  nmethod 0x000001e3eeca6b10
Event: 60.608 Thread 0x000001e3ffe916f0 flushing  nmethod 0x000001e3eeca6f90
Event: 60.608 Thread 0x000001e3ffe916f0 flushing  nmethod 0x000001e3eecbb610
Event: 60.608 Thread 0x000001e3ffe916f0 flushing  nmethod 0x000001e3eecbcb90
Event: 60.608 Thread 0x000001e3ffe916f0 flushing  nmethod 0x000001e3eed0e990
Event: 60.608 Thread 0x000001e3ffe916f0 flushing  nmethod 0x000001e3eed12790
Event: 60.608 Thread 0x000001e3ffe916f0 flushing  nmethod 0x000001e3ef2c2210
Event: 60.608 Thread 0x000001e3ffe916f0 flushing  nmethod 0x000001e3ef2c3610
Event: 60.608 Thread 0x000001e3ffe916f0 flushing  nmethod 0x000001e3ef2c3990
Event: 60.608 Thread 0x000001e3ffe916f0 flushing  nmethod 0x000001e3ef2cb010
Event: 60.608 Thread 0x000001e3ffe916f0 flushing  nmethod 0x000001e3ef2d7210
Event: 60.608 Thread 0x000001e3ffe916f0 flushing  nmethod 0x000001e3ef2d7d10
Event: 60.608 Thread 0x000001e3ffe916f0 flushing  nmethod 0x000001e3ef31d990
Event: 60.608 Thread 0x000001e3ffe916f0 flushing  nmethod 0x000001e3ef31e090
Event: 60.608 Thread 0x000001e3ffe916f0 flushing  nmethod 0x000001e3ef31f190
Event: 60.608 Thread 0x000001e3ffe916f0 flushing  nmethod 0x000001e3ef32da10
Event: 60.608 Thread 0x000001e3ffe916f0 flushing  nmethod 0x000001e3ef32e590

Events (19 events):
Event: 0.376 Thread 0x000001e3e700ed60 Thread added: 0x000001e3e700ed60
Event: 1.426 Thread 0x000001e3e700ed60 Thread added: 0x000001e380277860
Event: 1.426 Thread 0x000001e3e700ed60 Thread added: 0x000001e380278570
Event: 1.428 Thread 0x000001e3e700ed60 Thread added: 0x000001e38028d280
Event: 1.428 Thread 0x000001e3e700ed60 Thread added: 0x000001e38028d8e0
Event: 1.428 Thread 0x000001e3e700ed60 Thread added: 0x000001e38028e330
Event: 1.428 Thread 0x000001e3e700ed60 Thread added: 0x000001e38028ed80
Event: 1.428 Thread 0x000001e3e700ed60 Thread added: 0x000001e38028fb00
Event: 1.662 Thread 0x000001e3e700ed60 Thread added: 0x000001e3802f7af0
Event: 2.279 Thread 0x000001e3e700ed60 Thread added: 0x000001e3803f5200
Event: 2.286 Thread 0x000001e3e700ed60 Thread added: 0x000001e3803f5e30
Event: 2.297 Loaded shared library D:\Android new\jbr\bin\net.dll
Event: 2.300 Loaded shared library D:\Android new\jbr\bin\nio.dll
Event: 2.382 Loaded shared library D:\Android new\jbr\bin\zip.dll
Event: 2.475 Loaded shared library D:\Android new\jbr\bin\jimage.dll
Event: 30.481 Thread 0x000001e3802f7af0 Thread added: 0x000001e3865dc640
Event: 31.829 Thread 0x000001e3865dc640 Thread exited: 0x000001e3865dc640
Event: 32.087 Thread 0x000001e3802f7af0 Thread added: 0x000001e386dba780
Event: 35.065 Thread 0x000001e386dba780 Thread exited: 0x000001e386dba780


Dynamic libraries:
0x00007ff6b5210000 - 0x00007ff6b521a000 	D:\Android new\jbr\bin\java.exe
0x00007ff985270000 - 0x00007ff985487000 	C:\WINDOWS\SYSTEM32\ntdll.dll
0x00007ff984230000 - 0x00007ff9842f4000 	C:\WINDOWS\System32\KERNEL32.DLL
0x00007ff982ad0000 - 0x00007ff982ea3000 	C:\WINDOWS\System32\KERNELBASE.dll
0x00007ff982860000 - 0x00007ff982971000 	C:\WINDOWS\System32\ucrtbase.dll
0x00007ff96ee40000 - 0x00007ff96ee58000 	D:\Android new\jbr\bin\jli.dll
0x00007ff984d70000 - 0x00007ff984f21000 	C:\WINDOWS\System32\USER32.dll
0x00007ff982980000 - 0x00007ff9829a6000 	C:\WINDOWS\System32\win32u.dll
0x00007ff9849a0000 - 0x00007ff9849c9000 	C:\WINDOWS\System32\GDI32.dll
0x00007ff982600000 - 0x00007ff98271b000 	C:\WINDOWS\System32\gdi32full.dll
0x00007ff9829b0000 - 0x00007ff982a4a000 	C:\WINDOWS\System32\msvcp_win.dll
0x00007ff977e40000 - 0x00007ff977e5b000 	D:\Android new\jbr\bin\VCRUNTIME140.dll
0x00007ff96e310000 - 0x00007ff96e5a8000 	C:\WINDOWS\WinSxS\amd64_microsoft.windows.common-controls_6595b64144ccf1df_6.0.22621.5124_none_270e8f4f7386d69d\COMCTL32.dll
0x00007ff983a00000 - 0x00007ff983aa7000 	C:\WINDOWS\System32\msvcrt.dll
0x00007ff9850a0000 - 0x00007ff9850d1000 	C:\WINDOWS\System32\IMM32.DLL
0x00007ff97f130000 - 0x00007ff97f13c000 	D:\Android new\jbr\bin\vcruntime140_1.dll
0x00007ff968a40000 - 0x00007ff968acd000 	D:\Android new\jbr\bin\msvcp140.dll
0x00007ff8e9b10000 - 0x00007ff8ea79a000 	D:\Android new\jbr\bin\server\jvm.dll
0x00007ff984780000 - 0x00007ff984831000 	C:\WINDOWS\System32\ADVAPI32.dll
0x00007ff983950000 - 0x00007ff9839f8000 	C:\WINDOWS\System32\sechost.dll
0x00007ff982eb0000 - 0x00007ff982ed8000 	C:\WINDOWS\System32\bcrypt.dll
0x00007ff983ff0000 - 0x00007ff984104000 	C:\WINDOWS\System32\RPCRT4.dll
0x00007ff984f30000 - 0x00007ff984fa1000 	C:\WINDOWS\System32\WS2_32.dll
0x00007ff982230000 - 0x00007ff98227d000 	C:\WINDOWS\SYSTEM32\POWRPROF.dll
0x00007ff977f60000 - 0x00007ff977f94000 	C:\WINDOWS\SYSTEM32\WINMM.dll
0x00007ff97ad60000 - 0x00007ff97ad6a000 	C:\WINDOWS\SYSTEM32\VERSION.dll
0x00007ff982200000 - 0x00007ff982213000 	C:\WINDOWS\SYSTEM32\UMPDC.dll
0x00007ff981380000 - 0x00007ff981398000 	C:\WINDOWS\SYSTEM32\kernel.appcore.dll
0x00007ff97d240000 - 0x00007ff97d24a000 	D:\Android new\jbr\bin\jimage.dll
0x00007ff97fcc0000 - 0x00007ff97fef2000 	C:\WINDOWS\SYSTEM32\DBGHELP.DLL
0x00007ff9849d0000 - 0x00007ff984d62000 	C:\WINDOWS\System32\combase.dll
0x00007ff983de0000 - 0x00007ff983eb7000 	C:\WINDOWS\System32\OLEAUT32.dll
0x00007ff961a40000 - 0x00007ff961a72000 	C:\WINDOWS\SYSTEM32\dbgcore.DLL
0x00007ff982a50000 - 0x00007ff982acb000 	C:\WINDOWS\System32\bcryptPrimitives.dll
0x00007ff977e20000 - 0x00007ff977e40000 	D:\Android new\jbr\bin\java.dll
0x00007ff977120000 - 0x00007ff977138000 	D:\Android new\jbr\bin\zip.dll
0x00007ff9830a0000 - 0x00007ff983936000 	C:\WINDOWS\System32\SHELL32.dll
0x00007ff982720000 - 0x00007ff98285f000 	C:\WINDOWS\System32\wintypes.dll
0x00007ff980100000 - 0x00007ff980a1a000 	C:\WINDOWS\SYSTEM32\windows.storage.dll
0x00007ff983c70000 - 0x00007ff983d7a000 	C:\WINDOWS\System32\SHCORE.dll
0x00007ff983ee0000 - 0x00007ff983f43000 	C:\WINDOWS\System32\shlwapi.dll
0x00007ff982280000 - 0x00007ff9822ab000 	C:\WINDOWS\SYSTEM32\profapi.dll
0x00007ff97b3a0000 - 0x00007ff97b3b0000 	D:\Android new\jbr\bin\net.dll
0x00007ff97a5b0000 - 0x00007ff97a6dc000 	C:\WINDOWS\SYSTEM32\WINHTTP.dll
0x00007ff981800000 - 0x00007ff98186a000 	C:\WINDOWS\system32\mswsock.dll
0x00007ff96ee60000 - 0x00007ff96ee76000 	D:\Android new\jbr\bin\nio.dll
0x00007ff97d2c0000 - 0x00007ff97d2d0000 	D:\Android new\jbr\bin\verify.dll

dbghelp: loaded successfully - version: 4.0.5 - missing functions: none
symbol engine: initialized successfully - sym options: 0x614 - pdb path: .;D:\Android new\jbr\bin;C:\WINDOWS\SYSTEM32;C:\WINDOWS\WinSxS\amd64_microsoft.windows.common-controls_6595b64144ccf1df_6.0.22621.5124_none_270e8f4f7386d69d;D:\Android new\jbr\bin\server

VM Arguments:
java_command: org.jetbrains.kotlin.cli.jvm.K2JVMCompiler @D:\AI-Based-Language-Translator\app\build\20250505_670960074529414442.compiler.options
java_class_path (initial): C:\Users\Dell\.gradle\caches\modules-2\files-2.1\org.jetbrains.kotlin\kotlin-compiler-embeddable\1.9.22\9cd4dc7773cf2a99ecd961a88fbbc9a2da3fb5e1\kotlin-compiler-embeddable-1.9.22.jar;C:\Users\Dell\.gradle\caches\modules-2\files-2.1\org.jetbrains.kotlin\kotlin-stdlib\1.9.22\d6c44cd08d8f3f9bece8101216dbe6553365c6e3\kotlin-stdlib-1.9.22.jar;C:\Users\Dell\.gradle\caches\modules-2\files-2.1\org.jetbrains.kotlin\kotlin-script-runtime\1.9.22\f8139a46fc677ec9badc49ae954392f4f5e7e7c7\kotlin-script-runtime-1.9.22.jar;C:\Users\Dell\.gradle\caches\modules-2\files-2.1\org.jetbrains.kotlin\kotlin-reflect\1.6.10\1cbe9c92c12a94eea200d23c2bbaedaf3daf5132\kotlin-reflect-1.6.10.jar;C:\Users\Dell\.gradle\caches\modules-2\files-2.1\org.jetbrains.kotlin\kotlin-daemon-embeddable\1.9.22\20e2c5df715f3240c765cfc222530e2796542021\kotlin-daemon-embeddable-1.9.22.jar;C:\Users\Dell\.gradle\caches\modules-2\files-2.1\org.jetbrains.intellij.deps\trove4j\1.0.20200330\3afb14d5f9ceb459d724e907a21145e8ff394f02\trove4j-1.0.20200330.jar;C:\Users\Dell\.gradle\caches\modules-2\files-2.1\org.jetbrains\annotations\13.0\919f0dfe192fb4e063e7dacadee7f8bb9a2672a9\annotations-13.0.jar
Launcher Type: SUN_STANDARD

[Global flags]
     intx CICompilerCount                          = 3                                         {product} {ergonomic}
     uint ConcGCThreads                            = 1                                         {product} {ergonomic}
     uint G1ConcRefinementThreads                  = 4                                         {product} {ergonomic}
   size_t G1HeapRegionSize                         = 1048576                                   {product} {ergonomic}
    uintx GCDrainStackTargetSize                   = 64                                        {product} {ergonomic}
   size_t InitialHeapSize                          = 130023424                                 {product} {ergonomic}
   size_t MarkStackSize                            = 4194304                                   {product} {ergonomic}
   size_t MaxHeapSize                              = 2076180480                                {product} {ergonomic}
   size_t MaxNewSize                               = 1245708288                                {product} {ergonomic}
   size_t MinHeapDeltaBytes                        = 1048576                                   {product} {ergonomic}
   size_t MinHeapSize                              = 8388608                                   {product} {ergonomic}
    uintx NonNMethodCodeHeapSize                   = 5832780                                {pd product} {ergonomic}
    uintx NonProfiledCodeHeapSize                  = 122912730                              {pd product} {ergonomic}
    uintx ProfiledCodeHeapSize                     = 122912730                              {pd product} {ergonomic}
    uintx ReservedCodeCacheSize                    = 251658240                              {pd product} {ergonomic}
     bool SegmentedCodeCache                       = true                                      {product} {ergonomic}
   size_t SoftMaxHeapSize                          = 2076180480                             {manageable} {ergonomic}
     bool UseCompressedOops                        = true                           {product lp64_product} {ergonomic}
     bool UseG1GC                                  = true                                      {product} {ergonomic}
     bool UseLargePagesIndividualAllocation        = false                                  {pd product} {ergonomic}

Logging:
Log output configuration:
 #0: stdout all=warning uptime,level,tags foldmultilines=false
 #1: stderr all=off uptime,level,tags foldmultilines=false

Environment Variables:
JAVA_HOME=C:\Program Files\Java\jdk-17
PATH=C:\Program Files\Common Files\Oracle\Java\javapath;C:\WINDOWS\system32;C:\WINDOWS;C:\WINDOWS\System32\Wbem;C:\WINDOWS\System32\WindowsPowerShell\v1.0\;C:\WINDOWS\System32\OpenSSH\;C:\Program Files (x86)\dotnet\;C:\Program Files (x86)\Microsoft SQL Server\160\Tools\Binn\;C:\Program Files\Microsoft SQL Server\160\Tools\Binn\;C:\Program Files\Microsoft SQL Server\Client SDK\ODBC\170\Tools\Binn\;C:\Program Files\Microsoft SQL Server\160\DTS\Binn\;C:\Program Files\Azure Data Studio\bin;D:\apache-maven-3.9.9-bin\apache-maven-3.9.9\bin;C:\Program Files\Java\jdk-17\bin;D:\hk4\Git\cmd;C:\Users\Dell\AppData\Local\Programs\Python\Launcher\;C:\Users\Dell\AppData\Local\Microsoft\WindowsApps;;D:\LTCBAN\Dev-Cpp\Microsoft VS Code\bin;C:\Program Files\Azure Data Studio\bin;D:\Video_study\Microsoft VS Code\bin;D:\IntelliJ IDEA Community Edition 2024.3.3\bin;
USERNAME=Dell
OS=Windows_NT
PROCESSOR_IDENTIFIER=Intel64 Family 6 Model 140 Stepping 1, GenuineIntel
TMP=C:\Users\Dell\AppData\Local\Temp
TEMP=C:\Users\Dell\AppData\Local\Temp




Periodic native trim disabled

JNI global refs:
JNI global refs: 10, weak refs: 6

JNI global refs memory usage: 835, weak refs: 833

Process memory usage:
Resident Set Size: 460868K (5% of 8104744K total physical memory with 238148K free physical memory)

OOME stack traces (most recent first):
Classloader memory used:
Loader jdk.internal.loader.ClassLoaders$AppClassLoader                                 : 74756K
Loader bootstrap                                                                       : 13452K
Loader java.net.URLClassLoader                                                         : 2505K

---------------  S Y S T E M  ---------------

OS:
 Windows 11 , 64 bit Build 22621 (10.0.22621.5124)
OS uptime: 0 days 10:07 hours

CPU: total 4 (initial active 4) (2 cores per cpu, 2 threads per core) family 6 model 140 stepping 1 microcode 0xbc, cx8, cmov, fxsr, ht, mmx, 3dnowpref, sse, sse2, sse3, ssse3, sse4.1, sse4.2, popcnt, lzcnt, tsc, tscinvbit, avx, avx2, aes, erms, clmul, bmi1, bmi2, adx, avx512f, avx512dq, avx512cd, avx512bw, avx512vl, sha, fma, vzeroupper, avx512_vpopcntdq, avx512_vpclmulqdq, avx512_vaes, avx512_vnni, clflush, clflushopt, clwb, avx512_vbmi2, avx512_vbmi, rdtscp, rdpid, fsrm, gfni, avx512_bitalg, f16c, pku, cet_ibt, cet_ss, avx512_ifma
Processor Information for all 4 processors :
  Max Mhz: 2995, Current Mhz: 2995, Mhz Limit: 2995

Memory: 4k page, system-wide physical 7914M (232M free)
TotalPageFile size 18621M (AvailPageFile size 3M)
current process WorkingSet (physical memory assigned to process): 450M, peak: 450M
current process commit charge ("private bytes"): 475M, peak: 478M

vm_info: OpenJDK 64-Bit Server VM (21.0.5+-13047016-b750.29) for windows-amd64 JRE (21.0.5+-13047016-b750.29), built on 2025-02-11T21:12:39Z by "builder" with MS VC++ 16.10 / 16.11 (VS2019)

END.
